0 info it worked if it ends with ok
1 verbose cli [ 'node', '/usr/local/bin/npm', 'install', '-g', 'svgo' ]
2 info using npm@1.4.28
3 info using node@v0.10.32
4 verbose cache add [ 'svgo', null ]
5 verbose cache add name=undefined spec="svgo" args=["svgo",null]
6 verbose parsed url { protocol: null,
6 verbose parsed url   slashes: null,
6 verbose parsed url   auth: null,
6 verbose parsed url   host: null,
6 verbose parsed url   port: null,
6 verbose parsed url   hostname: null,
6 verbose parsed url   hash: null,
6 verbose parsed url   search: null,
6 verbose parsed url   query: null,
6 verbose parsed url   pathname: 'svgo',
6 verbose parsed url   path: 'svgo',
6 verbose parsed url   href: 'svgo' }
7 silly lockFile c7fd6f76-svgo svgo
8 verbose lock svgo /Users/Wzy/.npm/c7fd6f76-svgo.lock
9 silly lockFile c7fd6f76-svgo svgo
10 silly lockFile c7fd6f76-svgo svgo
11 verbose addNamed [ 'svgo', '' ]
12 verbose addNamed [ null, '*' ]
13 silly lockFile 3ada83b8-svgo svgo@
14 verbose lock svgo@ /Users/Wzy/.npm/3ada83b8-svgo.lock
15 silly addNameRange { name: 'svgo', range: '*', hasData: false }
16 verbose request where is /svgo
17 verbose request registry https://registry.npmjs.org/
18 verbose request id 0da3a561579f9747
19 verbose url raw /svgo
20 verbose url resolving [ 'https://registry.npmjs.org/', './svgo' ]
21 verbose url resolved https://registry.npmjs.org/svgo
22 verbose request where is https://registry.npmjs.org/svgo
23 info trying registry request attempt 1 at 19:55:54
24 verbose etag "92O91D5HU5STGW6MGH9MPADMQ"
25 http GET https://registry.npmjs.org/svgo
26 http 304 https://registry.npmjs.org/svgo
27 silly registry.get cb [ 304,
27 silly registry.get   { date: 'Sun, 21 Dec 2014 11:55:55 GMT',
27 silly registry.get     server: 'Apache',
27 silly registry.get     via: '1.1 varnish',
27 silly registry.get     'last-modified': 'Sun, 21 Dec 2014 11:55:55 GMT',
27 silly registry.get     'cache-control': 'max-age=60',
27 silly registry.get     etag: '"92O91D5HU5STGW6MGH9MPADMQ"',
27 silly registry.get     age: '0',
27 silly registry.get     'x-served-by': 'cache-sjc3124-SJC',
27 silly registry.get     'x-cache': 'HIT',
27 silly registry.get     'x-cache-hits': '1',
27 silly registry.get     'x-timer': 'S1419162955.172753,VS0,VE147',
27 silly registry.get     vary: 'Accept',
27 silly registry.get     'content-length': '0',
27 silly registry.get     'keep-alive': 'timeout=10, max=50',
27 silly registry.get     connection: 'Keep-Alive' } ]
28 verbose etag https://registry.npmjs.org/svgo from cache
29 silly addNameRange number 2 { name: 'svgo', range: '*', hasData: true }
30 silly addNameRange versions [ 'svgo',
30 silly addNameRange   [ '0.0.1',
30 silly addNameRange     '0.0.1-2',
30 silly addNameRange     '0.0.1-3',
30 silly addNameRange     '0.0.2',
30 silly addNameRange     '0.0.3',
30 silly addNameRange     '0.0.4',
30 silly addNameRange     '0.0.5',
30 silly addNameRange     '0.0.5-1',
30 silly addNameRange     '0.0.6',
30 silly addNameRange     '0.0.7',
30 silly addNameRange     '0.0.7-1',
30 silly addNameRange     '0.0.8',
30 silly addNameRange     '0.0.9',
30 silly addNameRange     '0.0.9-1',
30 silly addNameRange     '0.1.0',
30 silly addNameRange     '0.1.1',
30 silly addNameRange     '0.1.2',
30 silly addNameRange     '0.1.3',
30 silly addNameRange     '0.1.4',
30 silly addNameRange     '0.1.5',
30 silly addNameRange     '0.1.6',
30 silly addNameRange     '0.1.7',
30 silly addNameRange     '0.1.8',
30 silly addNameRange     '0.1.9',
30 silly addNameRange     '0.1.9-1',
30 silly addNameRange     '0.2.0',
30 silly addNameRange     '0.2.1',
30 silly addNameRange     '0.2.2',
30 silly addNameRange     '0.2.3',
30 silly addNameRange     '0.2.4',
30 silly addNameRange     '0.3.0',
30 silly addNameRange     '0.3.1',
30 silly addNameRange     '0.3.2',
30 silly addNameRange     '0.3.3',
30 silly addNameRange     '0.3.4',
30 silly addNameRange     '0.3.5',
30 silly addNameRange     '0.3.6',
30 silly addNameRange     '0.3.7',
30 silly addNameRange     '0.4.0',
30 silly addNameRange     '0.4.1',
30 silly addNameRange     '0.4.2',
30 silly addNameRange     '0.4.3',
30 silly addNameRange     '0.4.4',
30 silly addNameRange     '0.4.5',
30 silly addNameRange     '0.5.0' ] ]
31 verbose addNamed [ 'svgo', '0.5.0' ]
32 verbose addNamed [ '0.5.0', '0.5.0' ]
33 silly lockFile 8e7b4631-svgo-0-5-0 svgo@0.5.0
34 verbose lock svgo@0.5.0 /Users/Wzy/.npm/8e7b4631-svgo-0-5-0.lock
35 silly lockFile 8e7b4631-svgo-0-5-0 svgo@0.5.0
36 silly lockFile 8e7b4631-svgo-0-5-0 svgo@0.5.0
37 silly lockFile 3ada83b8-svgo svgo@
38 silly lockFile 3ada83b8-svgo svgo@
39 silly resolved [ { name: 'svgo',
39 silly resolved     version: '0.5.0',
39 silly resolved     description: 'Nodejs-based tool for optimizing SVG vector graphics files',
39 silly resolved     keywords: [ 'svgo', 'svg', 'optimize', 'minify' ],
39 silly resolved     homepage: 'https://github.com/svg/svgo',
39 silly resolved     bugs:
39 silly resolved      { url: 'https://github.com/svg/svgo/issues',
39 silly resolved        email: 'kir@soulshine.in' },
39 silly resolved     author:
39 silly resolved      { name: 'Kir Belevich',
39 silly resolved        email: 'kir@soulshine.in',
39 silly resolved        url: 'https://github.com/deepsweet' },
39 silly resolved     contributors: [ [Object], [Object] ],
39 silly resolved     repository: { type: 'git', url: 'git://github.com/svg/svgo.git' },
39 silly resolved     main: './lib/svgo.js',
39 silly resolved     bin: { svgo: './bin/svgo' },
39 silly resolved     directories: { bin: './bin', lib: './lib', example: './examples' },
39 silly resolved     scripts: { test: 'make test' },
39 silly resolved     dependencies:
39 silly resolved      { sax: '~0.6.0',
39 silly resolved        coa: '~0.4.1',
39 silly resolved        'js-yaml': '~3.2.2',
39 silly resolved        colors: '~1.0.3',
39 silly resolved        'whet.extend': '~0.9.9' },
39 silly resolved     devDependencies:
39 silly resolved      { mocha: '~2.0.1',
39 silly resolved        should: '~4.1.0',
39 silly resolved        istanbul: '~0.3.2',
39 silly resolved        'mocha-istanbul': '~0.2.0',
39 silly resolved        coveralls: '~2.11.2' },
39 silly resolved     engines: { node: '>=0.8.0' },
39 silly resolved     licenses: [ [Object] ],
39 silly resolved     gitHead: '0d5ce7d4e01fa5910bcf0e7159a3fd6239da388d',
39 silly resolved     _id: 'svgo@0.5.0',
39 silly resolved     _shasum: '2c4bc220fc204ed1896639dfb71837177e52bfc8',
39 silly resolved     _from: 'svgo@',
39 silly resolved     _npmVersion: '1.4.23',
39 silly resolved     _npmUser: { name: 'greli', email: 'grelimail@gmail.com' },
39 silly resolved     maintainers: [ [Object], [Object] ],
39 silly resolved     dist:
39 silly resolved      { shasum: '2c4bc220fc204ed1896639dfb71837177e52bfc8',
39 silly resolved        tarball: 'http://registry.npmjs.org/svgo/-/svgo-0.5.0.tgz' },
39 silly resolved     _resolved: 'https://registry.npmjs.org/svgo/-/svgo-0.5.0.tgz',
39 silly resolved     readme: 'ERROR: No README data found!' } ]
40 info install svgo@0.5.0 into /usr/local/lib
41 info installOne svgo@0.5.0
42 verbose lib/node_modules/svgo unbuild
43 verbose tar unpack /Users/Wzy/.npm/svgo/0.5.0/package.tgz
44 silly lockFile 16938f5e--usr-local-lib-node-modules-svgo tar:///usr/local/lib/node_modules/svgo
45 verbose lock tar:///usr/local/lib/node_modules/svgo /Users/Wzy/.npm/16938f5e--usr-local-lib-node-modules-svgo.lock
46 silly lockFile 5850abf3-s-Wzy-npm-svgo-0-5-0-package-tgz tar:///Users/Wzy/.npm/svgo/0.5.0/package.tgz
47 verbose lock tar:///Users/Wzy/.npm/svgo/0.5.0/package.tgz /Users/Wzy/.npm/5850abf3-s-Wzy-npm-svgo-0-5-0-package-tgz.lock
48 silly gunzTarPerm modes [ '755', '644' ]
49 error Error: EACCES, mkdir '/usr/local/lib/node_modules/svgo'
49 error  { [Error: EACCES, mkdir '/usr/local/lib/node_modules/svgo']
49 error   errno: 3,
49 error   code: 'EACCES',
49 error   path: '/usr/local/lib/node_modules/svgo',
49 error   fstream_type: 'Directory',
49 error   fstream_path: '/usr/local/lib/node_modules/svgo',
49 error   fstream_class: 'DirWriter',
49 error   fstream_stack:
49 error    [ '/usr/local/lib/node_modules/npm/node_modules/fstream/lib/dir-writer.js:36:23',
49 error      '/usr/local/lib/node_modules/npm/node_modules/mkdirp/index.js:46:53',
49 error      'Object.oncomplete (fs.js:107:15)' ] }
50 error Please try running this command again as root/Administrator.
51 error System Darwin 14.0.0
52 error command "node" "/usr/local/bin/npm" "install" "-g" "svgo"
53 error cwd /Users/Wzy/GitHub/blog.cabbit.me
54 error node -v v0.10.32
55 error npm -v 1.4.28
56 error path /usr/local/lib/node_modules/svgo
57 error fstream_path /usr/local/lib/node_modules/svgo
58 error fstream_type Directory
59 error fstream_class DirWriter
60 error code EACCES
61 error errno 3
62 error stack Error: EACCES, mkdir '/usr/local/lib/node_modules/svgo'
63 error fstream_stack /usr/local/lib/node_modules/npm/node_modules/fstream/lib/dir-writer.js:36:23
63 error fstream_stack /usr/local/lib/node_modules/npm/node_modules/mkdirp/index.js:46:53
63 error fstream_stack Object.oncomplete (fs.js:107:15)
64 verbose exit [ 3, true ]
